<?xml version="1.0" encoding="UTF-8"?>
<!-- Generated by org.testng.reporters.JUnitXMLReporter -->
<testsuite ignored="0" hostname="Jemy" failures="0" tests="6" name="Default test" time="16.756" errors="0" timestamp="2024-02-13T23:13:07 EET">
  <testcase classname="tests.RegisteredUserCheckoutProductTest" name="LoginAndAddToCart" time="2.326"/>
  <testcase classname="tests.RegisteredUserCheckoutProductTest" name="goToCartTest" time="2.068"/>
  <testcase classname="tests.RegisteredUserCheckoutProductTest" name="OrderInDetails" time="1.133"/>
  <testcase classname="tests.RegisteredUserCheckoutProductTest" name="filTheForm" time="2.5"/>
  <testcase classname="tests.RegisteredUserCheckoutProductTest" name="confirmOrderTest" time="4.168"/>
  <testcase classname="tests.RegisteredUserCheckoutProductTest" name="userlogout" time="4.323"/>
</testsuite> <!-- Default test -->
